<?xml version="1.0" encoding="UTF-8"?>
<!-- Generated by org.testng.reporters.JUnitXMLReporter -->
<testsuite hostname="DESKTOP-74O6H1L" ignored="0" name="Test" tests="2" failures="2" timestamp="2021-12-10T14:20:31 IST" time="30.219" errors="0">
  <testcase name="captureScreenshot" time="29.989" classname="failedTestCaseScreenshot.CaptureScreenshot">
    <failure type="java.lang.AssertionError" message="expected [Google] but found [Google1]">
      <![CDATA[java.lang.AssertionError: expected [Google] but found [Google1]
at failedTestCaseScreenshot.CaptureScreenshot.captureScreenshot(CaptureScreenshot.java:19)
at java.util.ArrayList.forEach(Unknown Source)
... Removed 33 stack frames]]>
    </failure>
  </testcase> <!-- captureScreenshot -->
  <testcase name="captureScreenshot" time="30.161" classname="failedTestCaseScreenshot.CaptureScreenshot">
    <failure type="java.lang.NullPointerException">
      <![CDATA[java.lang.NullPointerException
at failedTestCaseScreenshot.GetScreenshot.capture(GetScreenshot.java:12)
at failedTestCaseScreenshot.ListenerTest.onTestFailure(ListenerTest.java:14)
at java.util.ArrayList.forEach(Unknown Source)
... Removed 24 stack frames]]>
    </failure>
  </testcase> <!-- captureScreenshot -->
</testsuite> <!-- Test -->
