<?xml version="1.0" encoding="UTF-8"?>
<testng-results skipped="0" failed="0" ignored="0" total="1" passed="1">
  <reporter-output>
  </reporter-output>
  <suite name="Suite" duration-ms="21529" started-at="2021-12-10T14:15:51 IST" finished-at="2021-12-10T14:16:12 IST">
    <groups>
    </groups>
    <test name="Test" duration-ms="21529" started-at="2021-12-10T14:15:51 IST" finished-at="2021-12-10T14:16:12 IST">
      <class name="failedTestCaseScreenshot.CaptureScreenshot">
        <test-method status="PASS" signature="captureScreenshot()[pri:0, instance:failedTestCaseScreenshot.CaptureScreenshot@4d41cee]" name="captureScreenshot" duration-ms="21439" started-at="2021-12-10T14:15:51 IST" finished-at="2021-12-10T14:16:12 IST">
          <reporter-output>
          </reporter-output>
        </test-method> <!-- captureScreenshot -->
      </class> <!-- failedTestCaseScreenshot.CaptureScreenshot -->
    </test> <!-- Test -->
  </suite> <!-- Suite -->
</testng-results>
